<?xml version="1.0" encoding="UTF-8"?>
<testng-results ignored="0" total="12" passed="12" failed="0" skipped="0">
  <reporter-output>
  </reporter-output>
  <suite started-at="2026-03-10T23:26:02 MSK" name="Surefire suite" finished-at="2026-03-10T23:26:03 MSK" duration-ms="69">
    <groups>
    </groups>
    <test started-at="2026-03-10T23:26:02 MSK" name="Surefire test" finished-at="2026-03-10T23:26:03 MSK" duration-ms="69">
      <class name="com.example.CheckAreaTriangleTest">
        <test-method signature="checkAreaTriangle()[pri:0, instance:com.example.CheckAreaTriangleTest@2abf4075]" started-at="2026-03-10T23:26:03 MSK" name="checkAreaTriangle" finished-at="2026-03-10T23:26:03 MSK" duration-ms="1" status="PASS">
          <reporter-output>
          </reporter-output>
        </test-method> <!-- checkAreaTriangle -->
        <test-method signature="impossibleComparsionAreaTriangle()[pri:0, instance:com.example.CheckAreaTriangleTest@2abf4075]" started-at="2026-03-10T23:26:03 MSK" name="impossibleComparsionAreaTriangle" finished-at="2026-03-10T23:26:03 MSK" duration-ms="0" status="PASS">
          <reporter-output>
          </reporter-output>
        </test-method> <!-- impossibleComparsionAreaTriangle -->
      </class> <!-- com.example.CheckAreaTriangleTest -->
      <class name="com.example.CalculationFactorialAppTest">
        <test-method signature="checkCalculationFactorial()[pri:0, instance:com.example.CalculationFactorialAppTest@2892dae4]" started-at="2026-03-10T23:26:02 MSK" name="checkCalculationFactorial" finished-at="2026-03-10T23:26:03 MSK" duration-ms="9" status="PASS">
          <reporter-output>
          </reporter-output>
        </test-method> <!-- checkCalculationFactorial -->
        <test-method signature="checkCalculationFactorialZero()[pri:0, instance:com.example.CalculationFactorialAppTest@2892dae4]" started-at="2026-03-10T23:26:03 MSK" name="checkCalculationFactorialZero" finished-at="2026-03-10T23:26:03 MSK" duration-ms="1" status="PASS">
          <reporter-output>
          </reporter-output>
        </test-method> <!-- checkCalculationFactorialZero -->
        <test-method signature="checkNegativeFactorial()[pri:0, instance:com.example.CalculationFactorialAppTest@2892dae4]" started-at="2026-03-10T23:26:03 MSK" name="checkNegativeFactorial" finished-at="2026-03-10T23:26:03 MSK" duration-ms="2" status="PASS">
          <reporter-output>
          </reporter-output>
        </test-method> <!-- checkNegativeFactorial -->
      </class> <!-- com.example.CalculationFactorialAppTest -->
      <class name="com.example.CheckComparsionNumbersTest">
        <test-method signature="checkFalseComparsionNumbers()[pri:0, instance:com.example.CheckComparsionNumbersTest@770d3326]" started-at="2026-03-10T23:26:03 MSK" name="checkFalseComparsionNumbers" finished-at="2026-03-10T23:26:03 MSK" duration-ms="1" status="PASS">
          <reporter-output>
          </reporter-output>
        </test-method> <!-- checkFalseComparsionNumbers -->
        <test-method signature="checkThrowComparsionNumbers()[pri:0, instance:com.example.CheckComparsionNumbersTest@770d3326]" started-at="2026-03-10T23:26:03 MSK" name="checkThrowComparsionNumbers" finished-at="2026-03-10T23:26:03 MSK" duration-ms="0" status="PASS">
          <reporter-output>
          </reporter-output>
        </test-method> <!-- checkThrowComparsionNumbers -->
        <test-method signature="checkTrueComparsionNumbers()[pri:0, instance:com.example.CheckComparsionNumbersTest@770d3326]" started-at="2026-03-10T23:26:03 MSK" name="checkTrueComparsionNumbers" finished-at="2026-03-10T23:26:03 MSK" duration-ms="0" status="PASS">
          <reporter-output>
          </reporter-output>
        </test-method> <!-- checkTrueComparsionNumbers -->
      </class> <!-- com.example.CheckComparsionNumbersTest -->
      <class name="com.example.CheckResultsActionsWithNumbersTest">
        <test-method signature="checkAmountNumbers()[pri:0, instance:com.example.CheckResultsActionsWithNumbersTest@625732]" started-at="2026-03-10T23:26:03 MSK" name="checkAmountNumbers" finished-at="2026-03-10T23:26:03 MSK" duration-ms="1" status="PASS">
          <reporter-output>
          </reporter-output>
        </test-method> <!-- checkAmountNumbers -->
        <test-method signature="checkDifferenceNumbers()[pri:0, instance:com.example.CheckResultsActionsWithNumbersTest@625732]" started-at="2026-03-10T23:26:03 MSK" name="checkDifferenceNumbers" finished-at="2026-03-10T23:26:03 MSK" duration-ms="1" status="PASS">
          <reporter-output>
          </reporter-output>
        </test-method> <!-- checkDifferenceNumbers -->
        <test-method signature="checkDivisionNumbers()[pri:0, instance:com.example.CheckResultsActionsWithNumbersTest@625732]" started-at="2026-03-10T23:26:03 MSK" name="checkDivisionNumbers" finished-at="2026-03-10T23:26:03 MSK" duration-ms="0" status="PASS">
          <reporter-output>
          </reporter-output>
        </test-method> <!-- checkDivisionNumbers -->
        <test-method signature="checkMultiplicationNumbers()[pri:0, instance:com.example.CheckResultsActionsWithNumbersTest@625732]" started-at="2026-03-10T23:26:03 MSK" name="checkMultiplicationNumbers" finished-at="2026-03-10T23:26:03 MSK" duration-ms="0" status="PASS">
          <reporter-output>
          </reporter-output>
        </test-method> <!-- checkMultiplicationNumbers -->
      </class> <!-- com.example.CheckResultsActionsWithNumbersTest -->
    </test> <!-- Surefire test -->
  </suite> <!-- Surefire suite -->
</testng-results>
