<?xml version="1.0" encoding="UTF-8"?>
<testsuite xmlns:xsi="http://www.w3.org/2001/XMLSchema-instance" xsi:noNamespaceSchemaLocation="https://maven.apache.org/surefire/maven-surefire-plugin/xsd/surefire-test-report-3.0.xsd" version="3.0" name="TestSuite" time="0.804" tests="12" errors="0" skipped="0" failures="0">
  <properties>
[...]
</properties>
  <testcase name="checkCalculationFactorial" classname="com.example.CalculationFactorialAppTest" time="0.011">
    <system-err><![CDATA[SLF4J: Failed to load class "org.slf4j.impl.StaticLoggerBinder".
SLF4J: Defaulting to no-operation (NOP) logger implementation
SLF4J: See http://www.slf4j.org/codes.html#StaticLoggerBinder for further details.
]]></system-err>
  </testcase>
  <testcase name="checkCalculationFactorialZero" classname="com.example.CalculationFactorialAppTest" time="0.0"/>
  <testcase name="checkNegativeFactorial" classname="com.example.CalculationFactorialAppTest" time="0.0"/>
  <testcase name="checkAreaTriangle" classname="com.example.CheckAreaTriangleTest" time="0.001"/>
  <testcase name="impossibleComparsionAreaTriangle" classname="com.example.CheckAreaTriangleTest" time="0.001"/>
  <testcase name="checkFalseComparsionNumbers" classname="com.example.CheckComparsionNumbersTest" time="0.001"/>
  <testcase name="checkThrowComparsionNumbers" classname="com.example.CheckComparsionNumbersTest" time="0.001"/>
  <testcase name="checkTrueComparsionNumbers" classname="com.example.CheckComparsionNumbersTest" time="0.001"/>
  <testcase name="checkAmountNumbers" classname="com.example.CheckResultsActionsWithNumbersTest" time="0.0"/>
  <testcase name="checkDifferenceNumbers" classname="com.example.CheckResultsActionsWithNumbersTest" time="0.0"/>
  <testcase name="checkDivisionNumbers" classname="com.example.CheckResultsActionsWithNumbersTest" time="0.001"/>
  <testcase name="checkMultiplicationNumbers" classname="com.example.CheckResultsActionsWithNumbersTest" time="0.0"/>
</testsuite>