<?xml version="1.0" encoding="UTF-8"?>
<!-- Generated by org.testng.reporters.JUnitReportReporter -->
<testsuite hostname="Home-PC" failures="0" tests="3" name="com.example.CalculationFactorialAppTest" time="0.012" errors="0" timestamp="2026-03-10T23:26:03 MSK" skipped="0">
  <testcase classname="com.example.CalculationFactorialAppTest" name="checkCalculationFactorialZero" time="0.001"/>
  <testcase classname="com.example.CalculationFactorialAppTest" name="checkCalculationFactorial" time="0.009"/>
  <testcase classname="com.example.CalculationFactorialAppTest" name="checkNegativeFactorial" time="0.002"/>
</testsuite> <!-- com.example.CalculationFactorialAppTest -->
