<?xml version="1.0" encoding="UTF-8"?>
<!-- Generated by org.testng.reporters.JUnitReportReporter -->
<testsuite hostname="Home-PC" failures="0" tests="4" name="com.example.CheckResultsActionsWithNumbersTest" time="0.002" errors="0" timestamp="2026-03-10T23:26:03 MSK" skipped="0">
  <testcase classname="com.example.CheckResultsActionsWithNumbersTest" name="checkMultiplicationNumbers" time="0.000"/>
  <testcase classname="com.example.CheckResultsActionsWithNumbersTest" name="checkAmountNumbers" time="0.001"/>
  <testcase classname="com.example.CheckResultsActionsWithNumbersTest" name="checkDifferenceNumbers" time="0.001"/>
  <testcase classname="com.example.CheckResultsActionsWithNumbersTest" name="checkDivisionNumbers" time="0.000"/>
</testsuite> <!-- com.example.CheckResultsActionsWithNumbersTest -->
