<?xml version="1.0" encoding="UTF-8"?>
<!-- Generated by org.testng.reporters.JUnitReportReporter -->
<testsuite hostname="Home-PC" failures="0" tests="3" name="com.example.CheckComparsionNumbersTest" time="0.001" errors="0" timestamp="2026-03-10T23:26:03 MSK" skipped="0">
  <testcase classname="com.example.CheckComparsionNumbersTest" name="checkTrueComparsionNumbers" time="0.000"/>
  <testcase classname="com.example.CheckComparsionNumbersTest" name="checkThrowComparsionNumbers" time="0.000"/>
  <testcase classname="com.example.CheckComparsionNumbersTest" name="checkFalseComparsionNumbers" time="0.001"/>
</testsuite> <!-- com.example.CheckComparsionNumbersTest -->
