<?xml version="1.0" encoding="UTF-8"?>
<!-- Generated by org.testng.reporters.JUnitXMLReporter -->
<testsuite ignored="0" hostname="Home-PC" failures="0" tests="12" name="Surefire test" time="0.069" errors="0" timestamp="2026-03-10T23:26:03 MSK">
  <testcase classname="com.example.CalculationFactorialAppTest" name="checkCalculationFactorial" time="0.009"/>
  <testcase classname="com.example.CalculationFactorialAppTest" name="checkCalculationFactorialZero" time="0.001"/>
  <testcase classname="com.example.CalculationFactorialAppTest" name="checkNegativeFactorial" time="0.002"/>
  <testcase classname="com.example.CheckAreaTriangleTest" name="checkAreaTriangle" time="0.001"/>
  <testcase classname="com.example.CheckAreaTriangleTest" name="impossibleComparsionAreaTriangle" time="0.0"/>
  <testcase classname="com.example.CheckComparsionNumbersTest" name="checkFalseComparsionNumbers" time="0.001"/>
  <testcase classname="com.example.CheckComparsionNumbersTest" name="checkThrowComparsionNumbers" time="0.0"/>
  <testcase classname="com.example.CheckComparsionNumbersTest" name="checkTrueComparsionNumbers" time="0.0"/>
  <testcase classname="com.example.CheckResultsActionsWithNumbersTest" name="checkAmountNumbers" time="0.001"/>
  <testcase classname="com.example.CheckResultsActionsWithNumbersTest" name="checkDifferenceNumbers" time="0.001"/>
  <testcase classname="com.example.CheckResultsActionsWithNumbersTest" name="checkDivisionNumbers" time="0.0"/>
  <testcase classname="com.example.CheckResultsActionsWithNumbersTest" name="checkMultiplicationNumbers" time="0.0"/>
</testsuite> <!-- Surefire test -->
