<?xml version="1.0" encoding="UTF-8"?>
<testsuite xmlns:xsi="http://www.w3.org/2001/XMLSchema-instance" xsi:noNamespaceSchemaLocation="https://maven.apache.org/surefire/maven-surefire-plugin/xsd/surefire-test-report-3.0.xsd" version="3.0" name="com.example.ApiTest" time="5.186" tests="6" errors="0" skipped="1" failures="0">
  <properties>
[...]
</properties>
  <testcase name="patchRequest" classname="com.example.ApiTest" time="2.973"/>
  <testcase name="postFormData1" classname="com.example.ApiTest" time="0.0">
    <skipped message="public void com.example.ApiTest.postFormData1() is @Disabled"/>
  </testcase>
  <testcase name="deleteRequest" classname="com.example.ApiTest" time="0.55"/>
  <testcase name="putRequest" classname="com.example.ApiTest" time="0.539"/>
  <testcase name="postRawText" classname="com.example.ApiTest" time="0.571"/>
  <testcase name="getRequest" classname="com.example.ApiTest" time="0.522"/>
</testsuite>